#
# There is insufficient memory for the Java Runtime Environment to continue.
# Native memory allocation (mmap) failed to map 4030464 bytes for G1 virtual space
# Possible reasons:
#   The system is out of physical RAM or swap space
#   The process is running with CompressedOops enabled, and the Java Heap may be blocking the growth of the native heap
# Possible solutions:
#   Reduce memory load on the system
#   Increase physical memory or swap space
#   Check if swap backing store is full
#   Decrease Java heap size (-Xmx/-Xms)
#   Decrease number of Java threads
#   Decrease Java thread stack sizes (-Xss)
#   Set larger code cache with -XX:ReservedCodeCacheSize=
#   JVM is running with Zero Based Compressed Oops mode in which the Java heap is
#     placed in the first 32GB address space. The Java Heap base address is the
#     maximum limit for the native heap growth. Please use -XX:HeapBaseMinAddress
#     to set the Java Heap base and to place the Java Heap above 32GB virtual address.
# This output file may be truncated or incomplete.
#
#  Out of Memory Error (os_windows.cpp:3535), pid=4120, tid=1052
#
# JRE version:  (17.0.3+8) (build )
# Java VM: Java HotSpot(TM) 64-Bit Server VM (17.0.3+8-LTS-111, mixed mode, sharing, tiered, compressed oops, compressed class ptrs, g1 gc, windows-amd64)
# No core dump will be written. Minidumps are not enabled by default on client versions of Windows
#

---------------  S U M M A R Y ------------

Command Line: -Dfile.encoding=windows-1252 -Duser.country=US -Duser.language=en -Duser.variant com.revature.Driver

Host: AMD Ryzen 7 5825U with Radeon Graphics         , 16 cores, 15G,  Windows 11 , 64 bit Build 22000 (10.0.22000.675)
Time: Fri May 20 16:28:22 2022 Eastern Daylight Time elapsed time: 0.014391 seconds (0d 0h 0m 0s)

---------------  T H R E A D  ---------------

Current thread (0x0000018ddbdd69c0):  JavaThread "Unknown thread" [_thread_in_vm, id=1052, stack(0x000000646b100000,0x000000646b200000)]

Stack: [0x000000646b100000,0x000000646b200000]
Native frames: (J=compiled Java code, j=interpreted, Vv=VM code, C=native code)
V  [jvm.dll+0x6711ba]
V  [jvm.dll+0x7d0834]
V  [jvm.dll+0x7d1fde]
V  [jvm.dll+0x7d2643]
V  [jvm.dll+0x242c85]
V  [jvm.dll+0x66e0d9]
V  [jvm.dll+0x662a22]
V  [jvm.dll+0x300ddb]
V  [jvm.dll+0x308376]
V  [jvm.dll+0x357f93]
V  [jvm.dll+0x3581af]
V  [jvm.dll+0x2d7ff8]
V  [jvm.dll+0x2d8f64]
V  [jvm.dll+0x7a2411]
V  [jvm.dll+0x365d01]
V  [jvm.dll+0x78187c]
V  [jvm.dll+0x3e873f]
V  [jvm.dll+0x3ea1e1]
C  [jli.dll+0x527b]
C  [ucrtbase.dll+0x26c0c]
C  [KERNEL32.DLL+0x154e0]
C  [ntdll.dll+0x485b]


---------------  P R O C E S S  ---------------

Threads class SMR info:
_java_thread_list=0x00007ffab6179858, length=0, elements={
}

Java Threads: ( => current thread )

Other Threads:
  0x0000018ddbe40740 GCTaskThread "GC Thread#0" [stack: 0x000000646b200000,0x000000646b300000] [id=8036]
  0x0000018ddbe50c40 ConcurrentGCThread "G1 Main Marker" [stack: 0x000000646b300000,0x000000646b400000] [id=22912]
  0x0000018ddbe53d00 ConcurrentGCThread "G1 Conc#0" [stack: 0x000000646b400000,0x000000646b500000] [id=41644]

[error occurred during error reporting (printing all threads), id 0xc0000005, EXCEPTION_ACCESS_VIOLATION (0xc0000005) at pc=0x00007ffab59c89e7]

VM state: not at safepoint (not fully initialized)

VM Mutex/Monitor currently owned by a thread:  ([mutex/lock_event])
[0x0000018ddbdd3350] Heap_lock - owner thread: 0x0000018ddbdd69c0

Heap address: 0x000000070a400000, size: 3932 MB, Compressed Oops mode: Zero based, Oop shift amount: 3

CDS archive(s) mapped at: [0x0000000000000000-0x0000000000000000-0x0000000000000000), size 0, SharedBaseAddress: 0x0000000800000000, ArchiveRelocationMode: 0.
Narrow klass base: 0x0000000000000000, Narrow klass shift: 0, Narrow klass range: 0x0

GC Precious Log:
<Empty>

Heap:
 garbage-first heap   total 0K, used 0K [0x000000070a400000, 0x0000000800000000)
  region size 2048K, 0 young (0K), 0 survivors (0K)

[error occurred during error reporting (printing heap information), id 0xc0000005, EXCEPTION_ACCESS_VIOLATION (0xc0000005) at pc=0x00007ffab5daa629]

GC Heap History (0 events):
No events

Deoptimization events (0 events):
No events

Classes unloaded (0 events):
No events

Classes redefined (0 events):
No events

Internal exceptions (0 events):
No events

VM Operations (0 events):
No events

Events (1 events):
Event: 0.009 Loaded shared library C:\Program Files\Java\jdk-17.0.3\bin\java.dll


Dynamic libraries:
0x00007ff62d0b0000 - 0x00007ff62d0c0000 	C:\Program Files\Java\jdk-17.0.3\bin\java.exe
0x00007ffb20ca0000 - 0x00007ffb20ea9000 	C:\Windows\SYSTEM32\ntdll.dll
0x00007ffb20270000 - 0x00007ffb2032d000 	C:\Windows\System32\KERNEL32.DLL
0x00007ffb1e360000 - 0x00007ffb1e6d9000 	C:\Windows\System32\KERNELBASE.dll
0x00007ffb1e900000 - 0x00007ffb1ea11000 	C:\Windows\System32\ucrtbase.dll
0x00007ffb1a420000 - 0x00007ffb1a438000 	C:\Program Files\Java\jdk-17.0.3\bin\jli.dll
0x00007ffb1a900000 - 0x00007ffb1a91a000 	C:\Program Files\Java\jdk-17.0.3\bin\VCRUNTIME140.dll
0x00007ffb1ec80000 - 0x00007ffb1ed2e000 	C:\Windows\System32\ADVAPI32.dll
0x00007ffb1f240000 - 0x00007ffb1f2e3000 	C:\Windows\System32\msvcrt.dll
0x00007ffb1f420000 - 0x00007ffb1f4be000 	C:\Windows\System32\sechost.dll
0x00007ffb1f4f0000 - 0x00007ffb1f610000 	C:\Windows\System32\RPCRT4.dll
0x00007ffb1f610000 - 0x00007ffb1f7bc000 	C:\Windows\System32\USER32.dll
0x00007ffb1e8d0000 - 0x00007ffb1e8f6000 	C:\Windows\System32\win32u.dll
0x00007ffb069b0000 - 0x00007ffb06c55000 	C:\Windows\WinSxS\amd64_microsoft.windows.common-controls_6595b64144ccf1df_6.0.22000.120_none_9d947278b86cc467\COMCTL32.dll
0x00007ffb1f3f0000 - 0x00007ffb1f419000 	C:\Windows\System32\GDI32.dll
0x00007ffb1ea20000 - 0x00007ffb1eb32000 	C:\Windows\System32\gdi32full.dll
0x00007ffb1e190000 - 0x00007ffb1e22d000 	C:\Windows\System32\msvcp_win.dll
0x00007ffb13cb0000 - 0x00007ffb13cba000 	C:\Windows\SYSTEM32\VERSION.dll
0x00007ffb20350000 - 0x00007ffb20381000 	C:\Windows\System32\IMM32.DLL
0x00007ffb1afe0000 - 0x00007ffb1afec000 	C:\Program Files\Java\jdk-17.0.3\bin\vcruntime140_1.dll
0x00007ffadde70000 - 0x00007ffaddefd000 	C:\Program Files\Java\jdk-17.0.3\bin\msvcp140.dll
0x00007ffab56e0000 - 0x00007ffab62a1000 	C:\Program Files\Java\jdk-17.0.3\bin\server\jvm.dll
0x00007ffb1f4c0000 - 0x00007ffb1f4c8000 	C:\Windows\System32\PSAPI.DLL
0x00007ffb09a60000 - 0x00007ffb09a69000 	C:\Windows\SYSTEM32\WSOCK32.dll
0x00007ffb1bd60000 - 0x00007ffb1bd93000 	C:\Windows\SYSTEM32\WINMM.dll
0x00007ffb1f0f0000 - 0x00007ffb1f15f000 	C:\Windows\System32\WS2_32.dll
0x00007ffb1d2d0000 - 0x00007ffb1d2e8000 	C:\Windows\SYSTEM32\kernel.appcore.dll
0x00007ffb1a8f0000 - 0x00007ffb1a8fa000 	C:\Program Files\Java\jdk-17.0.3\bin\jimage.dll
0x00007ffb1bab0000 - 0x00007ffb1bcd1000 	C:\Windows\SYSTEM32\DBGHELP.DLL
0x00007ffb1ba70000 - 0x00007ffb1baa1000 	C:\Windows\SYSTEM32\dbgcore.DLL
0x00007ffb1e850000 - 0x00007ffb1e8cf000 	C:\Windows\System32\bcryptPrimitives.dll
0x00007ffb18b30000 - 0x00007ffb18b55000 	C:\Program Files\Java\jdk-17.0.3\bin\java.dll

dbghelp: loaded successfully - version: 4.0.5 - missing functions: none
symbol engine: initialized successfully - sym options: 0x614 - pdb path: .;C:\Program Files\Java\jdk-17.0.3\bin;C:\Windows\SYSTEM32;C:\Windows\WinSxS\amd64_microsoft.windows.common-controls_6595b64144ccf1df_6.0.22000.120_none_9d947278b86cc467;C:\Program Files\Java\jdk-17.0.3\bin\server

VM Arguments:
jvm_args: -Dfile.encoding=windows-1252 -Duser.country=US -Duser.language=en -Duser.variant 
java_command: com.revature.Driver
java_class_path (initial): C:\Users\lilyt\Documents\Projectreimburse\projectone\build\classes\java\main;C:\Users\lilyt\Documents\Projectreimburse\projectone\build\resources\main;C:\Users\lilyt\.gradle\caches\modules-2\files-2.1\com.google.guava\guava\30.1.1-jre\87e0fd1df874ea3cbe577702fe6f17068b790fd8\guava-30.1.1-jre.jar;C:\Users\lilyt\.gradle\caches\modules-2\files-2.1\io.javalin\javalin\4.1.1\4e4c41fe5bbbbed77cbe9b79c20bc65ff1a5afa6\javalin-4.1.1.jar;C:\Users\lilyt\.gradle\caches\modules-2\files-2.1\org.slf4j\slf4j-simple\1.7.32\321ffafb5123a91a71737dbff38ebe273e771e5b\slf4j-simple-1.7.32.jar;C:\Users\lilyt\.gradle\caches\modules-2\files-2.1\com.fasterxml.jackson.core\jackson-annotations\2.13.1\1cbcbe4623113e6af92ccaa89884a345270f1a87\jackson-annotations-2.13.1.jar;C:\Users\lilyt\.gradle\caches\modules-2\files-2.1\com.fasterxml.jackson.core\jackson-core\2.13.1\51ae921a2ed1e06ca8876f12f32f265e83c0b2b8\jackson-core-2.13.1.jar;C:\Users\lilyt\.gradle\caches\modules-2\files-2.1\com.fasterxml.jackson.core\jackson-databind\2.13.1\698b2d2b15d9a1b7aae025f1d9f576842285e7f6\jackson-databind-2.13.1.jar;C:\Users\lilyt\.gradle\caches\modules-2\files-2.1\org.postgresql\postgresql\42.3.4\4fc2f1f47f685cf06ba684564ec6be8ed18791a7\postgresql-42.3.4.jar;C:\Users\lilyt\.gradle\caches\modules-2\files-2.1\com.google.guava\failureaccess\1.0.1\1dcf1de382a0bf95a3d8b0849546c88bac1292c9\failureaccess-1.0.1.jar;C:\Users\lilyt\.gradle\caches\modules-2\files-2.1\com.google.guava\listenablefuture\9999.0-empty-to-avoid-conflict-with-guava\b421526c5f297295adef1c886e5246c39d4ac629\listenablefuture-9999.0-empty-to-avoid-conflict-with-guava.jar;C:\Users\lilyt\.gradle\caches\modules-2\files-2.1\com.google.code.findbugs\jsr305\3.0.2\25ea2e8b0c338a877313bd4672d3fe056ea78f0d\jsr305-3.0.2.jar;C:\Users\lilyt\.gradle\caches\modules-2\files-2.1\org.checkerframework\checker-qual\3.8.0\6b83e4a33220272c3a08991498ba9dc09519f190\checker-qual-3.8.0.jar;C:\Users\lilyt\.gradle\caches\modules-2\files-2.1\com.googl
Launcher Type: SUN_STANDARD

[Global flags]
     intx CICompilerCount                          = 12                                        {product} {ergonomic}
     uint ConcGCThreads                            = 3                                         {product} {ergonomic}
     uint G1ConcRefinementThreads                  = 13                                        {product} {ergonomic}
   size_t G1HeapRegionSize                         = 2097152                                   {product} {ergonomic}
    uintx GCDrainStackTargetSize                   = 64                                        {product} {ergonomic}
   size_t InitialHeapSize                          = 257949696                                 {product} {ergonomic}
   size_t MarkStackSize                            = 4194304                                   {product} {ergonomic}
   size_t MaxHeapSize                              = 4123000832                                {product} {ergonomic}
   size_t MinHeapDeltaBytes                        = 2097152                                   {product} {ergonomic}
   size_t MinHeapSize                              = 8388608                                   {product} {ergonomic}
    uintx NonNMethodCodeHeapSize                   = 7602480                                {pd product} {ergonomic}
    uintx NonProfiledCodeHeapSize                  = 122027880                              {pd product} {ergonomic}
    uintx ProfiledCodeHeapSize                     = 122027880                              {pd product} {ergonomic}
    uintx ReservedCodeCacheSize                    = 251658240                              {pd product} {ergonomic}
     bool SegmentedCodeCache                       = true                                      {product} {ergonomic}
   size_t SoftMaxHeapSize                          = 4123000832                             {manageable} {ergonomic}
     bool UseCompressedClassPointers               = true                           {product lp64_product} {ergonomic}
     bool UseCompressedOops                        = true                           {product lp64_product} {ergonomic}
     bool UseG1GC                                  = true                                      {product} {ergonomic}
     bool UseLargePagesIndividualAllocation        = false                                  {pd product} {ergonomic}

Logging:
Log output configuration:
 #0: stdout all=warning uptime,level,tags
 #1: stderr all=off uptime,level,tags

Environment Variables:
JAVA_HOME=C:\Program Files\Java\jdk-17.0.3
PATH=C:\Program Files\Common Files\Oracle\Java\javapath;C:\Windows\system32;C:\Windows;C:\Windows\System32\Wbem;C:\Windows\System32\WindowsPowerShell\v1.0\;C:\Windows\System32\OpenSSH\;C:\Program Files\dotnet\;C:\Program Files\Git\cmd;C:\Program Files\RedHat\java-1.8.0-openjdk-1.8.0.322-2\bin;C:\Program Files\RedHat\java-1.8.0-openjdk-1.8.0.322-2\jre\bin;C:\Program Files\Java\jdk-17.0.3\bin;C:\Program Files\nodejs\;C:\Users\lilyt\AppData\Local\Programs\Eclipse Adoptium\jdk-17.0.2.8-hotspot\bin;C:\Users\lilyt\scoop\apps\ojdkbuild8-full\current\bin;C:\Users\lilyt\scoop\shims;C:\Users\lilyt\AppData\Local\Microsoft\WindowsApps;C:\Users\lilyt\AppData\Local\Programs\Microsoft VS Code\bin;C:\Users\lilyt\.dotnet\tools;C:\Users\lilyt\AppData\Local\GitHubDesktop\bin;C:\Program Files\IntelliJ IDEA Community Edition 2022.1\bin;;C:\Users\lilyt\Downloads\gradle-7.4.2-bin\gradle-7.4.2\bin;C:\Users\lilyt\AppData\Roaming\npm
USERNAME=lilyt
OS=Windows_NT
PROCESSOR_IDENTIFIER=AMD64 Family 25 Model 80 Stepping 0, AuthenticAMD



---------------  S Y S T E M  ---------------

OS:
 Windows 11 , 64 bit Build 22000 (10.0.22000.675)
OS uptime: 7 days 16:08 hours
Hyper-V role detected

CPU: total 16 (initial active 16) (16 cores per cpu, 2 threads per core) family 25 model 80 stepping 0 microcode 0x0, cx8, cmov, fxsr, ht, mmx, 3dnowpref, sse, sse2, sse3, ssse3, sse4a, sse4.1, sse4.2, popcnt, lzcnt, tsc, tscinvbit, avx, avx2, aes, erms, clmul, bmi1, bmi2, adx, sha, fma, vzeroupper, clflush, clflushopt, hv

Memory: 4k page, system-wide physical 15720M (3896M free)
TotalPageFile size 64872M (AvailPageFile size 20M)
current process WorkingSet (physical memory assigned to process): 10M, peak: 10M
current process commit charge ("private bytes"): 317M, peak: 320M

vm_info: Java HotSpot(TM) 64-Bit Server VM (17.0.3+8-LTS-111) for windows-amd64 JRE (17.0.3+8-LTS-111), built on Mar  9 2022 22:40:21 by "mach5one" with MS VC++ 16.8 / 16.9 (VS2019)

END.
